<?xml version="1.0" encoding="UTF-8"?>
<testng-results ignored="0" total="1" passed="1" failed="0" skipped="0">
  <reporter-output>
    <line>
      <![CDATA[Execution in local system]]>
    </line>
    <line>
      <![CDATA[Browser is: Firefox]]>
    </line>
    <line>
      <![CDATA[testdata:admin]]>
    </line>
    <line>
      <![CDATA[Google]]>
    </line>
  </reporter-output>
  <suite started-at="2024-12-05T12:10:00 IST" name="Suite" finished-at="2024-12-05T12:10:22 IST" duration-ms="21507">
    <groups>
    </groups>
    <test started-at="2024-12-05T12:10:00 IST" name="Test" finished-at="2024-12-05T12:10:22 IST" duration-ms="21507">
      <class name="script.DemoTest">
        <test-method is-config="true" signature="preCondition(java.lang.String,java.lang.String,java.lang.String)[pri:0, instance:script.DemoTest@318ba8c8]" started-at="2024-12-05T12:10:00 IST" name="preCondition" finished-at="2024-12-05T12:10:14 IST" duration-ms="13954" status="PASS">
          <params>
            <param index="0">
              <value>
                <![CDATA[http://www.google.com]]>
              </value>
            </param>
            <param index="1">
              <value>
                <![CDATA[no]]>
              </value>
            </param>
            <param index="2">
              <value>
                <![CDATA[firefox]]>
              </value>
            </param>
          </params>
          <reporter-output>
            <line>
              <![CDATA[Execution in local system]]>
            </line>
            <line>
              <![CDATA[Browser is: Firefox]]>
            </line>
          </reporter-output>
        </test-method> <!-- preCondition -->
        <test-method signature="demotest1()[pri:0, instance:script.DemoTest@318ba8c8]" started-at="2024-12-05T12:10:14 IST" name="demotest1" finished-at="2024-12-05T12:10:19 IST" duration-ms="5303" status="PASS">
          <reporter-output>
            <line>
              <![CDATA[testdata:admin]]>
            </line>
            <line>
              <![CDATA[Google]]>
            </line>
          </reporter-output>
        </test-method> <!-- demotest1 -->
        <test-method is-config="true" signature="postCondition()[pri:0, instance:script.DemoTest@318ba8c8]" started-at="2024-12-05T12:10:19 IST" name="postCondition" finished-at="2024-12-05T12:10:22 IST" duration-ms="2130" status="PASS">
          <reporter-output>
          </reporter-output>
        </test-method> <!-- postCondition -->
      </class> <!-- script.DemoTest -->
    </test> <!-- Test -->
  </suite> <!-- Suite -->
</testng-results>
